<?xml version="1.0" encoding="UTF-8"?>
<!-- Generated by org.testng.reporters.JUnitReportReporter -->
<testsuite hostname="DESKTOP-T90LS45" name="classes.SumSubTest" tests="4" failures="0" timestamp="1 Nov 2016 17:54:31 GMT" time="0.009" errors="0">
  <testcase name="subDouble" time="0.006" classname="classes.SumSubTest"/>
  <testcase name="subLong" time="0.000" classname="classes.SumSubTest"/>
  <testcase name="sumLong" time="0.003" classname="classes.SumSubTest"/>
  <testcase name="sumDouble" time="0.000" classname="classes.SumSubTest"/>
</testsuite> <!-- classes.SumSubTest -->
