<?xml version="1.0" encoding="UTF-8"?>
<!-- Generated by org.testng.reporters.JUnitReportReporter -->
<testsuite hostname="DESKTOP-T90LS45" name="classes.MultDivPowSqrtTest" tests="3" failures="0" timestamp="1 Nov 2016 17:54:31 GMT" time="0.013" errors="0">
  <testcase name="divLong" time="0.001" classname="classes.MultDivPowSqrtTest"/>
  <testcase name="multDblMathFloor" time="0.006" classname="classes.MultDivPowSqrtTest"/>
  <testcase name="multLong" time="0.006" classname="classes.MultDivPowSqrtTest"/>
</testsuite> <!-- classes.MultDivPowSqrtTest -->
