<?xml version="1.0" encoding="UTF-8"?>
<!-- Generated by org.testng.reporters.JUnitReportReporter -->
<testsuite hostname="DESKTOP-T90LS45" name="classes.BooleanTest" tests="2" failures="0" timestamp="2 Nov 2016 08:41:37 GMT" time="4.008" errors="0">
  <testcase name="isPos" time="2.004" classname="classes.BooleanTest"/>
  <testcase name="isNegat" time="2.004" classname="classes.BooleanTest"/>
</testsuite> <!-- classes.BooleanTest -->
