<?xml version="1.0" encoding="UTF-8"?>
<!-- Generated by org.testng.reporters.JUnitReportReporter -->
<testsuite hostname="DESKTOP-T90LS45" name="Test1" tests="1" failures="0" timestamp="31 Oct 2016 12:58:08 GMT" time="0.015" errors="0">
  <testcase name="sum" time="0.015" classname="Test1"/>
</testsuite> <!-- Test1 -->
